<?xml version="1.0" encoding="UTF-8"?>
<testsuite name="com.example.rideshare.integration.RideApiIntegrationTest" tests="2" skipped="0" failures="0" errors="0" timestamp="2026-05-10T08:16:49.009Z" hostname="Mac.local" time="7.19">
  <properties/>
  <testcase name="publishRideShouldReturnBadRequestAndNotPersistInvalidPayload()" classname="com.example.rideshare.integration.RideApiIntegrationTest" time="0.17"/>
  <testcase name="publishRideShouldPersistRideAndReturnCreatedResponse()" classname="com.example.rideshare.integration.RideApiIntegrationTest" time="0.039"/>
  <system-out><![CDATA[2026-05-10T13:46:49.024+05:30  INFO 52009 --- [ride-share-api] [    Test worker] org.testcontainers.images.PullPolicy     : Image pull policy will be performed by: DefaultPullPolicy()
2026-05-10T13:46:49.025+05:30  INFO 52009 --- [ride-share-api] [    Test worker] o.t.utility.ImageNameSubstitutor         : Image name substitution will be performed by: DefaultImageNameSubstitutor (composite of 'ConfigurationFileImageNameSubstitutor' and 'PrefixingImageNameSubstitutor')
2026-05-10T13:46:49.110+05:30  INFO 52009 --- [ride-share-api] [    Test worker] o.t.d.DockerClientProviderStrategy       : Loaded org.testcontainers.dockerclient.UnixSocketClientProviderStrategy from ~/.testcontainers.properties, will try it first
2026-05-10T13:46:49.229+05:30  INFO 52009 --- [ride-share-api] [    Test worker] o.t.d.DockerClientProviderStrategy       : Found Docker environment with local Unix socket (unix:///var/run/docker.sock)
2026-05-10T13:46:49.230+05:30  INFO 52009 --- [ride-share-api] [    Test worker] org.testcontainers.DockerClientFactory   : Docker host IP address is localhost
2026-05-10T13:46:49.242+05:30  INFO 52009 --- [ride-share-api] [    Test worker] org.testcontainers.DockerClientFactory   : Connected to docker: 
  Server Version: 27.5.1
  API Version: 1.47
  Operating System: Docker Desktop
  Total Memory: 7837 MB
2026-05-10T13:46:49.328+05:30  INFO 52009 --- [ride-share-api] [    Test worker] tc.testcontainers/ryuk:0.7.0             : Creating container for image: testcontainers/ryuk:0.7.0
2026-05-10T13:46:53.205+05:30  INFO 52009 --- [ride-share-api] [    Test worker] o.t.utility.RegistryAuthLocator          : Credential helper/store (docker-credential-desktop) does not have credentials for https://index.docker.io/v1/
2026-05-10T13:46:53.334+05:30  INFO 52009 --- [ride-share-api] [    Test worker] tc.testcontainers/ryuk:0.7.0             : Container testcontainers/ryuk:0.7.0 is starting: c3c8938f86a5c23c04484af97ba2c8cb84c962d51b5f0f04d74a50f870c6324c
2026-05-10T13:46:53.754+05:30  INFO 52009 --- [ride-share-api] [    Test worker] tc.testcontainers/ryuk:0.7.0             : Container testcontainers/ryuk:0.7.0 started in PT4.425637S
2026-05-10T13:46:53.761+05:30  INFO 52009 --- [ride-share-api] [    Test worker] o.t.utility.RyukResourceReaper           : Ryuk started - will monitor and terminate Testcontainers containers on JVM exit
2026-05-10T13:46:53.761+05:30  INFO 52009 --- [ride-share-api] [    Test worker] org.testcontainers.DockerClientFactory   : Checking the system...
2026-05-10T13:46:53.761+05:30  INFO 52009 --- [ride-share-api] [    Test worker] org.testcontainers.DockerClientFactory   : ✔︎ Docker server version should be at least 1.6.0
2026-05-10T13:46:53.762+05:30  INFO 52009 --- [ride-share-api] [    Test worker] tc.postgres:16-alpine                    : Creating container for image: postgres:16-alpine
2026-05-10T13:46:53.820+05:30  INFO 52009 --- [ride-share-api] [    Test worker] tc.postgres:16-alpine                    : Container postgres:16-alpine is starting: 6e0800a42198b700f9702da9dab67911b8a0b69a6c7ff014302665d506afce8a
2026-05-10T13:46:54.817+05:30  INFO 52009 --- [ride-share-api] [    Test worker] tc.postgres:16-alpine                    : Container postgres:16-alpine started in PT1.054961S
2026-05-10T13:46:54.818+05:30  INFO 52009 --- [ride-share-api] [    Test worker] tc.postgres:16-alpine                    : Container is started (JDBC URL: jdbc:postgresql://localhost:57314/ride_share_test?loggerLevel=OFF)
2026-05-10T13:46:54.823+05:30  INFO 52009 --- [ride-share-api] [    Test worker] t.c.s.AnnotationConfigContextLoaderUtils : Could not detect default configuration classes for test class [com.example.rideshare.integration.RideApiIntegrationTest]: RideApiIntegrationTest does not declare any static, non-private, non-final, nested classes annotated with @Configuration.
2026-05-10T13:46:54.832+05:30  INFO 52009 --- [ride-share-api] [    Test worker] .b.t.c.SpringBootTestContextBootstrapper : Found @SpringBootConfiguration com.example.rideshare.RideShareApiApplication for test class com.example.rideshare.integration.RideApiIntegrationTest

  .   ____          _            __ _ _
 /\\ / ___'_ __ _ _(_)_ __  __ _ \ \ \ \
( ( )\___ | '_ | '_| | '_ \/ _` | \ \ \ \
 \\/  ___)| |_)| | | | | || (_| |  ) ) ) )
  '  |____| .__|_| |_|_| |_\__, | / / / /
 =========|_|==============|___/=/_/_/_/

 :: Spring Boot ::                (v3.3.5)

2026-05-10T13:46:54.861+05:30  INFO 52009 --- [ride-share-api] [    Test worker] c.e.r.i.RideApiIntegrationTest           : Starting RideApiIntegrationTest using Java 17.0.2 with PID 52009 (started by satyensingh in /Users/satyensingh/codebase/ride-share-api)
2026-05-10T13:46:54.861+05:30  INFO 52009 --- [ride-share-api] [    Test worker] c.e.r.i.RideApiIntegrationTest           : No active profile set, falling back to 1 default profile: "default"
2026-05-10T13:46:54.978+05:30  INFO 52009 --- [ride-share-api] [    Test worker] .s.d.r.c.RepositoryConfigurationDelegate : Bootstrapping Spring Data JPA repositories in DEFAULT mode.
2026-05-10T13:46:54.996+05:30  INFO 52009 --- [ride-share-api] [    Test worker] .s.d.r.c.RepositoryConfigurationDelegate : Finished Spring Data repository scanning in 12 ms. Found 1 JPA repository interface.
2026-05-10T13:46:55.151+05:30  INFO 52009 --- [ride-share-api] [    Test worker] o.s.b.w.embedded.tomcat.TomcatWebServer  : Tomcat initialized with port 0 (http)
2026-05-10T13:46:55.157+05:30  INFO 52009 --- [ride-share-api] [    Test worker] o.apache.catalina.core.StandardService   : Starting service [Tomcat]
2026-05-10T13:46:55.157+05:30  INFO 52009 --- [ride-share-api] [    Test worker] o.apache.catalina.core.StandardEngine    : Starting Servlet engine: [Apache Tomcat/10.1.31]
2026-05-10T13:46:55.181+05:30  INFO 52009 --- [ride-share-api] [    Test worker] o.a.c.c.C.[Tomcat].[localhost].[/]       : Initializing Spring embedded WebApplicationContext
2026-05-10T13:46:55.181+05:30  INFO 52009 --- [ride-share-api] [    Test worker] w.s.c.ServletWebServerApplicationContext : Root WebApplicationContext: initialization completed in 319 ms
2026-05-10T13:46:55.239+05:30  INFO 52009 --- [ride-share-api] [    Test worker] o.hibernate.jpa.internal.util.LogHelper  : HHH000204: Processing PersistenceUnitInfo [name: default]
2026-05-10T13:46:55.258+05:30  INFO 52009 --- [ride-share-api] [    Test worker] org.hibernate.Version                    : HHH000412: Hibernate ORM core version 6.5.3.Final
2026-05-10T13:46:55.270+05:30  INFO 52009 --- [ride-share-api] [    Test worker] o.h.c.internal.RegionFactoryInitiator    : HHH000026: Second-level cache disabled
2026-05-10T13:46:55.318+05:30  INFO 52009 --- [ride-share-api] [    Test worker] o.s.o.j.p.SpringPersistenceUnitInfo      : No LoadTimeWeaver setup: ignoring JPA class transformer
2026-05-10T13:46:55.335+05:30  INFO 52009 --- [ride-share-api] [    Test worker] com.zaxxer.hikari.HikariDataSource       : HikariPool-1 - Starting...
2026-05-10T13:46:55.427+05:30  INFO 52009 --- [ride-share-api] [    Test worker] com.zaxxer.hikari.pool.HikariPool        : HikariPool-1 - Added connection org.postgresql.jdbc.PgConnection@12e3cf1c
2026-05-10T13:46:55.428+05:30  INFO 52009 --- [ride-share-api] [    Test worker] com.zaxxer.hikari.HikariDataSource       : HikariPool-1 - Start completed.
2026-05-10T13:46:55.763+05:30  INFO 52009 --- [ride-share-api] [    Test worker] o.h.e.t.j.p.i.JtaPlatformInitiator       : HHH000489: No JTA platform available (set 'hibernate.transaction.jta.platform' to enable JTA platform integration)
2026-05-10T13:46:55.774+05:30  WARN 52009 --- [ride-share-api] [    Test worker] o.h.engine.jdbc.spi.SqlExceptionHelper   : SQL Warning Code: 0, SQLState: 00000
2026-05-10T13:46:55.774+05:30  WARN 52009 --- [ride-share-api] [    Test worker] o.h.engine.jdbc.spi.SqlExceptionHelper   : table "rides" does not exist, skipping
2026-05-10T13:46:55.788+05:30  INFO 52009 --- [ride-share-api] [    Test worker] j.LocalContainerEntityManagerFactoryBean : Initialized JPA EntityManagerFactory for persistence unit 'default'
2026-05-10T13:46:55.985+05:30  INFO 52009 --- [ride-share-api] [    Test worker] o.s.b.w.embedded.tomcat.TomcatWebServer  : Tomcat started on port 57325 (http) with context path '/'
2026-05-10T13:46:55.988+05:30  INFO 52009 --- [ride-share-api] [    Test worker] c.e.r.i.RideApiIntegrationTest           : Started RideApiIntegrationTest in 1.151 seconds (process running for 8.715)
2026-05-10T13:46:56.101+05:30  INFO 52009 --- [ride-share-api] [o-auto-1-exec-1] o.a.c.c.C.[Tomcat].[localhost].[/]       : Initializing Spring DispatcherServlet 'dispatcherServlet'
2026-05-10T13:46:56.101+05:30  INFO 52009 --- [ride-share-api] [o-auto-1-exec-1] o.s.web.servlet.DispatcherServlet        : Initializing Servlet 'dispatcherServlet'
2026-05-10T13:46:56.102+05:30  INFO 52009 --- [ride-share-api] [o-auto-1-exec-1] o.s.web.servlet.DispatcherServlet        : Completed initialization in 1 ms
]]></system-out>
  <system-err><![CDATA[]]></system-err>
</testsuite>
