<?xml version="1.0" encoding="UTF-8"?>
<testsuite name="com.example.rideshare.controller.RideControllerTest" tests="2" skipped="0" failures="0" errors="0" timestamp="2026-05-10T08:16:47.573Z" hostname="Mac.local" time="1.43">
  <properties/>
  <testcase name="publishRideShouldReturnCreated()" classname="com.example.rideshare.controller.RideControllerTest" time="0.155"/>
  <testcase name="publishRideShouldReturnBadRequestForInvalidPayload()" classname="com.example.rideshare.controller.RideControllerTest" time="0.029"/>
  <system-out><![CDATA[13:46:47.641 [Test worker] INFO org.springframework.test.context.support.AnnotationConfigContextLoaderUtils -- Could not detect default configuration classes for test class [com.example.rideshare.controller.RideControllerTest]: RideControllerTest does not declare any static, non-private, non-final, nested classes annotated with @Configuration.
13:46:47.701 [Test worker] INFO org.springframework.boot.test.context.SpringBootTestContextBootstrapper -- Found @SpringBootConfiguration com.example.rideshare.RideShareApiApplication for test class com.example.rideshare.controller.RideControllerTest

  .   ____          _            __ _ _
 /\\ / ___'_ __ _ _(_)_ __  __ _ \ \ \ \
( ( )\___ | '_ | '_| | '_ \/ _` | \ \ \ \
 \\/  ___)| |_)| | | | | || (_| |  ) ) ) )
  '  |____| .__|_| |_|_| |_\__, | / / / /
 =========|_|==============|___/=/_/_/_/

 :: Spring Boot ::                (v3.3.5)

2026-05-10T13:46:47.863+05:30  INFO 52009 --- [ride-share-api] [    Test worker] c.e.r.controller.RideControllerTest      : Starting RideControllerTest using Java 17.0.2 with PID 52009 (started by satyensingh in /Users/satyensingh/codebase/ride-share-api)
2026-05-10T13:46:47.863+05:30  INFO 52009 --- [ride-share-api] [    Test worker] c.e.r.controller.RideControllerTest      : No active profile set, falling back to 1 default profile: "default"
2026-05-10T13:46:48.794+05:30  INFO 52009 --- [ride-share-api] [    Test worker] o.s.b.t.m.w.SpringBootMockServletContext : Initializing Spring TestDispatcherServlet ''
2026-05-10T13:46:48.795+05:30  INFO 52009 --- [ride-share-api] [    Test worker] o.s.t.web.servlet.TestDispatcherServlet  : Initializing Servlet ''
2026-05-10T13:46:48.796+05:30  INFO 52009 --- [ride-share-api] [    Test worker] o.s.t.web.servlet.TestDispatcherServlet  : Completed initialization in 0 ms
2026-05-10T13:46:48.813+05:30  INFO 52009 --- [ride-share-api] [    Test worker] c.e.r.controller.RideControllerTest      : Started RideControllerTest in 1.073 seconds (process running for 1.54)
]]></system-out>
  <system-err><![CDATA[]]></system-err>
</testsuite>
