<?xml version="1.0" encoding="UTF-8"?>
<testsuite name="com.example.rideshare.service.RideServiceTest" tests="2" skipped="0" failures="0" errors="0" timestamp="2026-05-10T08:16:56.449Z" hostname="Mac.local" time="0.1">
  <properties/>
  <testcase name="publishRideShouldNormalizeAndSaveRide()" classname="com.example.rideshare.service.RideServiceTest" time="0.096"/>
  <testcase name="publishRideShouldAllowMissingCarColor()" classname="com.example.rideshare.service.RideServiceTest" time="0.002"/>
  <system-out><![CDATA[]]></system-out>
  <system-err><![CDATA[]]></system-err>
</testsuite>
